  AppWindow.cpp
\\Mac\Home\Desktop\DirectXModel\DirectXModel\Matrix4x4.h(101,44): warning C4244: '=': conversion from 'double' to 'float', possible loss of data
\\Mac\Home\Desktop\DirectXModel\DirectXModel\Matrix4x4.h(102,44): warning C4244: '=': conversion from 'double' to 'float', possible loss of data
\\Mac\Home\Desktop\DirectXModel\DirectXModel\Matrix4x4.h(103,44): warning C4244: '=': conversion from 'double' to 'float', possible loss of data
\\Mac\Home\Desktop\DirectXModel\DirectXModel\Matrix4x4.h(104,44): warning C4244: '=': conversion from 'double' to 'float', possible loss of data
  ConstantBuffer.cpp
  DeviceContext.cpp
  GraphicsEngine.cpp
  IndexBuffer.cpp
  InputSystem.cpp
  PixelShader.cpp
  RenderSystem.cpp
  Resource.cpp
  ResourceManager.cpp
  SwapChain.cpp
  Texture.cpp
  TextureManager.cpp
  VertexBuffer.cpp
  VertexShader.cpp
  Window.cpp
  main.cpp
\\Mac\Home\Desktop\DirectXModel\DirectXModel\Matrix4x4.h(101,44): warning C4244: '=': conversion from 'double' to 'float', possible loss of data
\\Mac\Home\Desktop\DirectXModel\DirectXModel\Matrix4x4.h(102,44): warning C4244: '=': conversion from 'double' to 'float', possible loss of data
\\Mac\Home\Desktop\DirectXModel\DirectXModel\Matrix4x4.h(103,44): warning C4244: '=': conversion from 'double' to 'float', possible loss of data
\\Mac\Home\Desktop\DirectXModel\DirectXModel\Matrix4x4.h(104,44): warning C4244: '=': conversion from 'double' to 'float', possible loss of data
  Generating Code...
  DirectXModel.vcxproj -> \\Mac\Home\Desktop\DirectXModel\x64\Debug\DirectXModel.exe
